\BOOKMARK [0][-]{part*.1}{\376\377\000C\000h\000a\000p\000t\000e\000r\000\040\0001\000:\000\040\000Y\000o\000u\000r\000\040\000N\000e\000w\000\040\000C\000o\000l\000l\000a\000b\000o\000r\000a\000t\000o\000r}{}% 1
\BOOKMARK [1][-]{section.1}{\376\377\000W\000h\000y\000\040\000C\000l\000a\000u\000d\000e\000\040\000C\000o\000d\000e\000\040\000I\000s\000\040\000D\000i\000f\000f\000e\000r\000e\000n\000t}{part*.1}% 2
\BOOKMARK [1][-]{section.2}{\376\377\000W\000h\000a\000t\000\040\000Y\000o\000u\000'\000r\000e\000\040\000S\000i\000g\000n\000i\000n\000g\000\040\000U\000p\000\040\000F\000o\000r}{part*.1}% 3
\BOOKMARK [1][-]{section.3}{\376\377\000O\000p\000e\000n\000i\000n\000g\000\040\000t\000h\000e\000\040\000T\000e\000r\000m\000i\000n\000a\000l}{part*.1}% 4
\BOOKMARK [1][-]{section.4}{\376\377\000F\000o\000u\000r\000\040\000C\000o\000m\000m\000a\000n\000d\000s\000\040\000T\000h\000a\000t\000\040\000A\000r\000e\000\040\000A\000l\000l\000\040\000Y\000o\000u\000\040\000N\000e\000e\000d\000\040\000\050\000F\000o\000r\000\040\000N\000o\000w\000\051}{part*.1}% 5
\BOOKMARK [1][-]{section.5}{\376\377\000I\000n\000s\000t\000a\000l\000l\000i\000n\000g\000\040\000C\000l\000a\000u\000d\000e\000\040\000C\000o\000d\000e}{part*.1}% 6
\BOOKMARK [1][-]{section.6}{\376\377\000Y\000o\000u\000r\000\040\000F\000i\000r\000s\000t\000\040\000C\000o\000n\000v\000e\000r\000s\000a\000t\000i\000o\000n}{part*.1}% 7
\BOOKMARK [1][-]{section.7}{\376\377\000W\000h\000a\000t\000\040\000J\000u\000s\000t\000\040\000H\000a\000p\000p\000e\000n\000e\000d\000\040\000\050\000A\000n\000d\000\040\000W\000h\000y\000\040\000I\000t\000\040\000M\000a\000t\000t\000e\000r\000s\000\051}{part*.1}% 8
\BOOKMARK [1][-]{section.8}{\376\377\000A\000\040\000F\000e\000w\000\040\000T\000h\000i\000n\000g\000s\000\040\000t\000o\000\040\000K\000n\000o\000w}{part*.1}% 9
\BOOKMARK [1][-]{section.9}{\376\377\000C\000r\000e\000a\000t\000i\000n\000g\000\040\000a\000\040\000G\000i\000t\000H\000u\000b\000\040\000A\000c\000c\000o\000u\000n\000t}{part*.1}% 10
\BOOKMARK [0][-]{part*.2}{\376\377\000C\000h\000a\000p\000t\000e\000r\000\040\0002\000:\000\040\000Y\000o\000u\000r\000\040\000F\000i\000r\000s\000t\000\040\000W\000e\000b\000s\000i\000t\000e}{}% 11
\BOOKMARK [1][-]{section.10}{\376\377\000B\000e\000f\000o\000r\000e\000\040\000W\000e\000\040\000B\000e\000g\000i\000n}{part*.2}% 12
\BOOKMARK [2][-]{subsection.10.1}{\376\377\000S\000e\000t\000\040\000U\000p\000\040\000Y\000o\000u\000r\000\040\000D\000i\000r\000e\000c\000t\000o\000r\000y}{section.10}% 13
\BOOKMARK [2][-]{subsection.10.2}{\376\377\000P\000e\000r\000m\000i\000s\000s\000i\000o\000n\000s}{section.10}% 14
\BOOKMARK [2][-]{subsection.10.3}{\376\377\000W\000h\000a\000t\000\040\000Y\000o\000u\000'\000l\000l\000\040\000S\000e\000e\000\040\000o\000n\000\040\000S\000c\000r\000e\000e\000n}{section.10}% 15
\BOOKMARK [2][-]{subsection.10.4}{\376\377\000E\000x\000p\000l\000a\000n\000a\000t\000o\000r\000y\000\040\000M\000o\000d\000e}{section.10}% 16
\BOOKMARK [1][-]{section.11}{\376\377\000P\000h\000a\000s\000e\000\040\0001\000:\000\040\000T\000h\000e\000\040\000R\000o\000u\000g\000h\000\040\000P\000r\000o\000m\000p\000t}{part*.2}% 17
\BOOKMARK [1][-]{section.12}{\376\377\000P\000h\000a\000s\000e\000\040\0002\000:\000\040\000T\000h\000e\000\040\000D\000e\000s\000i\000g\000n\000\040\000I\000n\000t\000e\000r\000v\000i\000e\000w}{part*.2}% 18
\BOOKMARK [2][-]{subsection.12.1}{\376\377\000D\000e\000c\000i\000s\000i\000o\000n\000\040\0001\000:\000\040\000C\000o\000l\000o\000u\000r\000\040\000P\000a\000l\000e\000t\000t\000e}{section.12}% 19
\BOOKMARK [2][-]{subsection.12.2}{\376\377\000D\000e\000c\000i\000s\000i\000o\000n\000\040\0002\000:\000\040\000C\000a\000r\000d\000\040\000B\000a\000c\000k\000\040\000P\000a\000t\000t\000e\000r\000n}{section.12}% 20
\BOOKMARK [2][-]{subsection.12.3}{\376\377\000D\000e\000c\000i\000s\000i\000o\000n\000\040\0003\000:\000\040\000G\000r\000i\000d\000\040\000L\000a\000y\000o\000u\000t\000\040\000a\000n\000d\000\040\000C\000a\000r\000d\000\040\000S\000i\000z\000e}{section.12}% 21
\BOOKMARK [2][-]{subsection.12.4}{\376\377\000D\000e\000c\000i\000s\000i\000o\000n\000\040\0004\000:\000\040\000W\000e\000l\000c\000o\000m\000e\000\040\000S\000c\000r\000e\000e\000n}{section.12}% 22
\BOOKMARK [2][-]{subsection.12.5}{\376\377\000D\000e\000c\000i\000s\000i\000o\000n\000\040\0005\000:\000\040\000I\000n\000-\000G\000a\000m\000e\000\040\000U\000I}{section.12}% 23
\BOOKMARK [2][-]{subsection.12.6}{\376\377\000D\000e\000c\000i\000s\000i\000o\000n\000\040\0006\000:\000\040\000C\000a\000r\000d\000\040\000F\000a\000c\000e\000\040\000D\000e\000s\000i\000g\000n}{section.12}% 24
\BOOKMARK [2][-]{subsection.12.7}{\376\377\000D\000e\000c\000i\000s\000i\000o\000n\000\040\0007\000:\000\040\000A\000n\000i\000m\000a\000t\000i\000o\000n\000s}{section.12}% 25
\BOOKMARK [2][-]{subsection.12.8}{\376\377\000D\000e\000c\000i\000s\000i\000o\000n\000\040\0008\000:\000\040\000T\000y\000p\000o\000g\000r\000a\000p\000h\000y}{section.12}% 26
\BOOKMARK [2][-]{subsection.12.9}{\376\377\000D\000e\000c\000i\000s\000i\000o\000n\000\040\0009\000:\000\040\000S\000o\000u\000n\000d}{section.12}% 27
\BOOKMARK [2][-]{subsection.12.10}{\376\377\000D\000e\000c\000i\000s\000i\000o\000n\000\040\0001\0000\000:\000\040\000D\000e\000b\000u\000g\000\040\000M\000o\000d\000e}{section.12}% 28
\BOOKMARK [1][-]{section.13}{\376\377\000P\000h\000a\000s\000e\000\040\0003\000:\000\040\000B\000u\000i\000l\000d}{part*.2}% 29
\BOOKMARK [1][-]{section.14}{\376\377\000P\000h\000a\000s\000e\000\040\0004\000:\000\040\000I\000t\000e\000r\000a\000t\000e}{part*.2}% 30
\BOOKMARK [2][-]{subsubsection.14.0.1}{\376\377\000R\000o\000u\000n\000d\000\040\0001\000\040\040\024\000\040\000C\000a\000r\000d\000s\000\040\000t\000o\000o\000\040\000b\000i\000g}{section.14}% 31
\BOOKMARK [3][-]{subsubsection.14.0.2}{\376\377\000R\000o\000u\000n\000d\000\040\0002\000\040\040\024\000\040\000M\000a\000t\000c\000h\000\040\000n\000o\000t\000\040\000w\000o\000r\000k\000i\000n\000g}{subsubsection.14.0.1}% 32
\BOOKMARK [3][-]{subsubsection.14.0.3}{\376\377\000R\000o\000u\000n\000d\000\040\0003\000\040\040\024\000\040\000C\000a\000r\000d\000s\000\040\000t\000o\000o\000\040\000c\000r\000a\000m\000p\000e\000d}{subsubsection.14.0.1}% 33
\BOOKMARK [3][-]{subsubsection.14.0.4}{\376\377\000R\000o\000u\000n\000d\000\040\0004\000\040\040\024\000\040\000D\000e\000b\000u\000g\000\040\000m\000o\000d\000e}{subsubsection.14.0.1}% 34
\BOOKMARK [1][-]{section.15}{\376\377\000O\000p\000e\000n\000\040\000I\000t\000\040\000i\000n\000\040\000Y\000o\000u\000r\000\040\000B\000r\000o\000w\000s\000e\000r}{part*.2}% 35
\BOOKMARK [1][-]{section.16}{\376\377\000N\000o\000w\000\040\000I\000t\000'\000s\000\040\000Y\000o\000u\000r\000\040\000T\000u\000r\000n}{part*.2}% 36
\BOOKMARK [2][-]{subsection.16.1}{\376\377\000D\000e\000b\000u\000g\000\040\000M\000o\000d\000e}{section.16}% 37
\BOOKMARK [2][-]{subsection.16.2}{\376\377\000L\000o\000o\000k\000\040\000a\000t\000\040\000t\000h\000e\000\040\000C\000o\000d\000e}{section.16}% 38
\BOOKMARK [1][-]{section.17}{\376\377\000E\000x\000e\000r\000c\000i\000s\000e\000s}{part*.2}% 39
\BOOKMARK [2][-]{subsection.17.1}{\376\377\000E\000x\000e\000r\000c\000i\000s\000e\000\040\0001\000:\000\040\000H\000a\000n\000g\000m\000a\000n}{section.17}% 40
\BOOKMARK [2][-]{subsection.17.2}{\376\377\000E\000x\000e\000r\000c\000i\000s\000e\000\040\0002\000:\000\040\000B\000r\000i\000c\000k\000\040\000B\000r\000e\000a\000k\000e\000r}{section.17}% 41
\BOOKMARK [2][-]{subsection.17.3}{\376\377\000E\000x\000e\000r\000c\000i\000s\000e\000\040\0003\000:\000\040\000S\000p\000a\000c\000e\000\040\000I\000n\000v\000a\000d\000e\000r\000s}{section.17}% 42
\BOOKMARK [2][-]{subsection.17.4}{\376\377\000E\000x\000e\000r\000c\000i\000s\000e\000\040\0004\000:\000\040\000Y\000o\000u\000r\000\040\000O\000w\000n\000\040\000I\000d\000e\000a}{section.17}% 43
\BOOKMARK [2][-]{subsection.17.5}{\376\377\000S\000t\000a\000r\000t\000i\000n\000g\000\040\000O\000v\000e\000r}{section.17}% 44
\BOOKMARK [2][-]{subsection.17.6}{\376\377\000P\000l\000a\000n\000t\000i\000n\000g\000\040\000a\000\040\000S\000e\000e\000d}{section.17}% 45
\BOOKMARK [2][-]{subsection.17.7}{\376\377\000P\000u\000s\000h\000\040\000t\000o\000\040\000G\000i\000t\000H\000u\000b}{section.17}% 46
\BOOKMARK [1][-]{section.18}{\376\377\000D\000e\000b\000u\000g\000g\000i\000n\000g}{part*.2}% 47
\BOOKMARK [2][-]{subsection.18.1}{\376\377\000W\000h\000e\000n\000\040\000C\000l\000a\000u\000d\000e\000\040\000S\000a\000y\000s\000\040\000I\000t\000'\000s\000\040\000F\000i\000x\000e\000d\000\040\000b\000u\000t\000\040\000I\000t\000\040\000I\000s\000n\000'\000t}{section.18}% 48
\BOOKMARK [2][-]{subsection.18.2}{\376\377\000D\000e\000b\000u\000g\000\040\000M\000o\000d\000e\000\040\000R\000e\000v\000i\000s\000i\000t\000e\000d}{section.18}% 49
\BOOKMARK [1][-]{section.19}{\376\377\000W\000h\000a\000t\000\040\000Y\000o\000u\000'\000v\000e\000\040\000L\000e\000a\000r\000n\000e\000d}{part*.2}% 50
\BOOKMARK [1][-]{section.20}{\376\377\000O\000n\000e\000\040\000L\000a\000s\000t\000\040\000T\000h\000i\000n\000g}{part*.2}% 51
